2001.03.04 18:48 B D:\stadthofmetzg\stadthofmetzg_web\spacer\1_100.gif --> www.stadthofmetzg.ch /stadthofmetzg.ch/spacer 1_100.gif
2001.03.04 18:48 B D:\stadthofmetzg\stadthofmetzg_web\spacer\2_200.gif --> www.stadthofmetzg.ch /stadthofmetzg.ch/spacer 2_200.gif
2001.03.04 18:48 B D:\stadthofmetzg\stadthofmetzg_web\spacer\rot.gif --> www.stadthofmetzg.ch /stadthofmetzg.ch/spacer rot.gif
2001.04.10 10:17 B D:\daten\Privat\Schule\KaioLine\spacer\10_2.gif --> WP002B1915.sizch.net /spacer 10_2.gif
2001.04.10 10:17 B D:\daten\Privat\Schule\KaioLine\spacer\120_1.gif --> WP002B1915.sizch.net /spacer 120_1.gif
2001.04.10 10:17 B D:\daten\Privat\Schule\KaioLine\spacer\140_2.gif --> WP002B1915.sizch.net /spacer 140_2.gif
2001.04.10 10:17 B D:\daten\Privat\Schule\KaioLine\spacer\150_2.gif --> WP002B1915.sizch.net /spacer 150_2.gif
2001.04.10 10:17 B D:\daten\Privat\Schule\KaioLine\spacer\160_2.gif --> WP002B1915.sizch.net /spacer 160_2.gif
2001.04.10 10:17 B D:\daten\Privat\Schule\KaioLine\spacer\170_2.gif --> WP002B1915.sizch.net /spacer 170_2.gif
2001.04.10 10:17 B D:\daten\Privat\Schule\KaioLine\spacer\180_2.gif --> WP002B1915.sizch.net /spacer 180_2.gif
2001.04.10 10:17 B D:\daten\Privat\Schule\KaioLine\spacer\190_2.gif --> WP002B1915.sizch.net /spacer 190_2.gif
2001.04.10 10:17 B D:\daten\Privat\Schule\KaioLine\spacer\1_10.gif --> WP002B1915.sizch.net /spacer 1_10.gif
2001.04.10 10:17 B D:\daten\Privat\Schule\KaioLine\spacer\1_100.gif --> WP002B1915.sizch.net /spacer 1_100.gif
2001.04.10 10:18 B D:\daten\Privat\Schule\KaioLine\spacer\1_40.gif --> WP002B1915.sizch.net /spacer 1_40.gif
2001.04.10 10:18 B D:\daten\Privat\Schule\KaioLine\spacer\20_2.gif --> WP002B1915.sizch.net /spacer 20_2.gif
2001.04.10 10:18 B D:\daten\Privat\Schule\KaioLine\spacer\2_200.gif --> WP002B1915.sizch.net /spacer 2_200.gif
2001.04.10 10:18 B D:\daten\Privat\Schule\KaioLine\spacer\2_220.gif --> WP002B1915.sizch.net /spacer 2_220.gif
2001.04.10 10:18 B D:\daten\Privat\Schule\KaioLine\spacer\2_360.gif --> WP002B1915.sizch.net /spacer 2_360.gif
2001.04.10 10:18 B D:\daten\Privat\Schule\KaioLine\spacer\30_2.gif --> WP002B1915.sizch.net /spacer 30_2.gif
2001.04.10 10:18 B D:\daten\Privat\Schule\KaioLine\spacer\40_1.gif --> WP002B1915.sizch.net /spacer 40_1.gif
2001.04.10 10:18 B D:\daten\Privat\Schule\KaioLine\spacer\50_1.gif --> WP002B1915.sizch.net /spacer 50_1.gif
2001.04.10 10:18 B D:\daten\Privat\Schule\KaioLine\spacer\blau.gif --> WP002B1915.sizch.net /spacer blau.gif
2001.04.10 10:18 B D:\daten\Privat\Schule\KaioLine\spacer\rot.gif --> WP002B1915.sizch.net /spacer rot.gif
2001.04.10 10:18 B D:\daten\Privat\Schule\KaioLine\spacer\WS_FTP.LOG --> WP002B1915.sizch.net /spacer WS_FTP.LOG
2001.04.12 09:03 B D:\daten\Privat\Schule\KaioLine\spacer\blau.gif --> WP002B1915.sizch.net /spacer blau.gif
2001.04.12 09:03 B D:\daten\Privat\Schule\KaioLine\spacer\blau_1.gif --> WP002B1915.sizch.net /spacer blau_1.gif
2001.05.22 15:11 B D:\daten\Privat\Schule\KaioLine\spacer\10_2.gif --> saga.interway.ch /spacer 10_2.gif
2001.05.22 15:11 B D:\daten\Privat\Schule\KaioLine\spacer\120_1.gif --> saga.interway.ch /spacer 120_1.gif
2001.05.22 15:11 B D:\daten\Privat\Schule\KaioLine\spacer\140_2.gif --> saga.interway.ch /spacer 140_2.gif
2001.05.22 15:11 B D:\daten\Privat\Schule\KaioLine\spacer\150_2.gif --> saga.interway.ch /spacer 150_2.gif
2001.05.22 15:11 B D:\daten\Privat\Schule\KaioLine\spacer\160_2.gif --> saga.interway.ch /spacer 160_2.gif
2001.05.22 15:11 B D:\daten\Privat\Schule\KaioLine\spacer\170_2.gif --> saga.interway.ch /spacer 170_2.gif
2001.05.22 15:11 B D:\daten\Privat\Schule\KaioLine\spacer\180_2.gif --> saga.interway.ch /spacer 180_2.gif
2001.05.22 15:11 B D:\daten\Privat\Schule\KaioLine\spacer\190_2.gif --> saga.interway.ch /spacer 190_2.gif
2001.05.22 15:11 B D:\daten\Privat\Schule\KaioLine\spacer\1_10.gif --> saga.interway.ch /spacer 1_10.gif
2001.05.22 15:11 B D:\daten\Privat\Schule\KaioLine\spacer\1_100.gif --> saga.interway.ch /spacer 1_100.gif
2001.05.22 15:11 B D:\daten\Privat\Schule\KaioLine\spacer\1_40.gif --> saga.interway.ch /spacer 1_40.gif
2001.05.22 15:11 B D:\daten\Privat\Schule\KaioLine\spacer\20_2.gif --> saga.interway.ch /spacer 20_2.gif
2001.05.22 15:11 B D:\daten\Privat\Schule\KaioLine\spacer\2_200.gif --> saga.interway.ch /spacer 2_200.gif
2001.05.22 15:11 B D:\daten\Privat\Schule\KaioLine\spacer\2_220.gif --> saga.interway.ch /spacer 2_220.gif
2001.05.22 15:11 B D:\daten\Privat\Schule\KaioLine\spacer\2_360.gif --> saga.interway.ch /spacer 2_360.gif
2001.05.22 15:11 B D:\daten\Privat\Schule\KaioLine\spacer\30_2.gif --> saga.interway.ch /spacer 30_2.gif
2001.05.22 15:11 B D:\daten\Privat\Schule\KaioLine\spacer\40_1.gif --> saga.interway.ch /spacer 40_1.gif
2001.05.22 15:11 B D:\daten\Privat\Schule\KaioLine\spacer\50_1.gif --> saga.interway.ch /spacer 50_1.gif
2001.05.22 15:11 B D:\daten\Privat\Schule\KaioLine\spacer\blau.gif --> saga.interway.ch /spacer blau.gif
2001.05.22 15:11 B D:\daten\Privat\Schule\KaioLine\spacer\blau_1.gif --> saga.interway.ch /spacer blau_1.gif
2001.05.22 15:11 B D:\daten\Privat\Schule\KaioLine\spacer\blau_2.gif --> saga.interway.ch /spacer blau_2.gif
2001.05.22 15:11 B D:\daten\Privat\Schule\KaioLine\spacer\rot.gif --> saga.interway.ch /spacer rot.gif
2001.05.22 15:11 B D:\daten\Privat\Schule\KaioLine\spacer\WS_FTP.LOG --> saga.interway.ch /spacer WS_FTP.LOG
2002.07.10 19:26 B D:\Kaio\web_neu\web_kaio_neu\spacer\10_2.gif --> saga.interway.ch /spacer 10_2.gif
2002.07.10 19:26 B D:\Kaio\web_neu\web_kaio_neu\spacer\120_1.gif --> saga.interway.ch /spacer 120_1.gif
2002.07.10 19:26 B D:\Kaio\web_neu\web_kaio_neu\spacer\140_2.gif --> saga.interway.ch /spacer 140_2.gif
2002.07.10 19:26 B D:\Kaio\web_neu\web_kaio_neu\spacer\150_2.gif --> saga.interway.ch /spacer 150_2.gif
2002.07.10 19:26 B D:\Kaio\web_neu\web_kaio_neu\spacer\160_2.gif --> saga.interway.ch /spacer 160_2.gif
2002.07.10 19:26 B D:\Kaio\web_neu\web_kaio_neu\spacer\170_2.gif --> saga.interway.ch /spacer 170_2.gif
2002.07.10 19:26 B D:\Kaio\web_neu\web_kaio_neu\spacer\180_2.gif --> saga.interway.ch /spacer 180_2.gif
2002.07.10 19:26 B D:\Kaio\web_neu\web_kaio_neu\spacer\190_2.gif --> saga.interway.ch /spacer 190_2.gif
2002.07.10 19:26 B D:\Kaio\web_neu\web_kaio_neu\spacer\1_10.gif --> saga.interway.ch /spacer 1_10.gif
2002.07.10 19:26 B D:\Kaio\web_neu\web_kaio_neu\spacer\1_100.gif --> saga.interway.ch /spacer 1_100.gif
2002.07.10 19:26 B D:\Kaio\web_neu\web_kaio_neu\spacer\1_40.gif --> saga.interway.ch /spacer 1_40.gif
2002.07.10 19:26 B D:\Kaio\web_neu\web_kaio_neu\spacer\20_2.gif --> saga.interway.ch /spacer 20_2.gif
2002.07.10 19:26 B D:\Kaio\web_neu\web_kaio_neu\spacer\2_200.gif --> saga.interway.ch /spacer 2_200.gif
2002.07.10 19:26 B D:\Kaio\web_neu\web_kaio_neu\spacer\2_220.gif --> saga.interway.ch /spacer 2_220.gif
2002.07.10 19:26 B D:\Kaio\web_neu\web_kaio_neu\spacer\2_360.gif --> saga.interway.ch /spacer 2_360.gif
2002.07.10 19:26 B D:\Kaio\web_neu\web_kaio_neu\spacer\30_2.gif --> saga.interway.ch /spacer 30_2.gif
2002.07.10 19:26 B D:\Kaio\web_neu\web_kaio_neu\spacer\40_1.gif --> saga.interway.ch /spacer 40_1.gif
2002.07.10 19:26 B D:\Kaio\web_neu\web_kaio_neu\spacer\50_1.gif --> saga.interway.ch /spacer 50_1.gif
2002.07.10 19:26 B D:\Kaio\web_neu\web_kaio_neu\spacer\blau.gif --> saga.interway.ch /spacer blau.gif
2002.07.10 19:26 B D:\Kaio\web_neu\web_kaio_neu\spacer\blau_1.gif --> saga.interway.ch /spacer blau_1.gif
2002.07.10 19:26 B D:\Kaio\web_neu\web_kaio_neu\spacer\blau_2.gif --> saga.interway.ch /spacer blau_2.gif
2002.07.10 19:26 B D:\Kaio\web_neu\web_kaio_neu\spacer\rot.gif --> saga.interway.ch /spacer rot.gif
2002.07.10 19:26 B D:\Kaio\web_neu\web_kaio_neu\spacer\rot_2.gif.gif --> saga.interway.ch /spacer rot_2.gif.gif
2002.07.10 19:26 B D:\Kaio\web_neu\web_kaio_neu\spacer\WS_FTP.LOG --> saga.interway.ch /spacer WS_FTP.LOG
2002.07.29 23:08 B D:\Kaio\web_neu\web_kaio_neu\spacer\WS_FTP.LOG --> saga.interway.ch /spacer WS_FTP.LOG
2002.11.10 11:03 B D:\Kunden\mayer\web\spacer\10_2.gif --> saga.interway.ch /mayer/spacer 10_2.gif
2002.11.10 11:03 B D:\Kunden\mayer\web\spacer\120_1.gif --> saga.interway.ch /mayer/spacer 120_1.gif
2002.11.10 11:03 B D:\Kunden\mayer\web\spacer\140_2.gif --> saga.interway.ch /mayer/spacer 140_2.gif
2002.11.10 11:03 B D:\Kunden\mayer\web\spacer\150_2.gif --> saga.interway.ch /mayer/spacer 150_2.gif
2002.11.10 11:03 B D:\Kunden\mayer\web\spacer\160_2.gif --> saga.interway.ch /mayer/spacer 160_2.gif
2002.11.10 11:03 B D:\Kunden\mayer\web\spacer\170_2.gif --> saga.interway.ch /mayer/spacer 170_2.gif
2002.11.10 11:03 B D:\Kunden\mayer\web\spacer\180_2.gif --> saga.interway.ch /mayer/spacer 180_2.gif
2002.11.10 11:03 B D:\Kunden\mayer\web\spacer\190_2.gif --> saga.interway.ch /mayer/spacer 190_2.gif
2002.11.10 11:03 B D:\Kunden\mayer\web\spacer\1_10.gif --> saga.interway.ch /mayer/spacer 1_10.gif
2002.11.10 11:03 B D:\Kunden\mayer\web\spacer\1_100.gif --> saga.interway.ch /mayer/spacer 1_100.gif
2002.11.10 11:03 B D:\Kunden\mayer\web\spacer\1_40.gif --> saga.interway.ch /mayer/spacer 1_40.gif
2002.11.10 11:03 B D:\Kunden\mayer\web\spacer\20_2.gif --> saga.interway.ch /mayer/spacer 20_2.gif
2002.11.10 11:03 B D:\Kunden\mayer\web\spacer\2_200.gif --> saga.interway.ch /mayer/spacer 2_200.gif
2002.11.10 11:03 B D:\Kunden\mayer\web\spacer\2_220.gif --> saga.interway.ch /mayer/spacer 2_220.gif
2002.11.10 11:03 B D:\Kunden\mayer\web\spacer\2_360.gif --> saga.interway.ch /mayer/spacer 2_360.gif
2002.11.10 11:03 B D:\Kunden\mayer\web\spacer\30_2.gif --> saga.interway.ch /mayer/spacer 30_2.gif
2002.11.10 11:03 B D:\Kunden\mayer\web\spacer\40_1.gif --> saga.interway.ch /mayer/spacer 40_1.gif
2002.11.10 11:03 B D:\Kunden\mayer\web\spacer\50_1.gif --> saga.interway.ch /mayer/spacer 50_1.gif
2002.11.10 11:03 B D:\Kunden\mayer\web\spacer\blau.gif --> saga.interway.ch /mayer/spacer blau.gif
2002.11.10 11:03 B D:\Kunden\mayer\web\spacer\blau_1.gif --> saga.interway.ch /mayer/spacer blau_1.gif
2002.11.10 11:03 B D:\Kunden\mayer\web\spacer\blau_2.gif --> saga.interway.ch /mayer/spacer blau_2.gif
2002.11.10 11:03 B D:\Kunden\mayer\web\spacer\rot.gif --> saga.interway.ch /mayer/spacer rot.gif
2002.11.10 11:03 B D:\Kunden\mayer\web\spacer\rot_2.gif.gif --> saga.interway.ch /mayer/spacer rot_2.gif.gif
2002.11.10 11:03 B D:\Kunden\mayer\web\spacer\WS_FTP.LOG --> saga.interway.ch /mayer/spacer WS_FTP.LOG
2002.11.17 18:43 B D:\Kunden\mayer\web\spacer\up.gif --> saga.interway.ch /mayer/spacer up.gif
2002.11.17 18:43 B D:\Kunden\mayer\web\spacer\WS_FTP.LOG --> saga.interway.ch /mayer/spacer WS_FTP.LOG
2002.11.22 14:28 B D:\Kunden\mayer\web\spacer\10_2.gif --> www.mayer-podologie.ch /spacer 10_2.gif
2002.11.22 14:28 B D:\Kunden\mayer\web\spacer\120_1.gif --> www.mayer-podologie.ch /spacer 120_1.gif
2002.11.22 14:28 B D:\Kunden\mayer\web\spacer\140_2.gif --> www.mayer-podologie.ch /spacer 140_2.gif
2002.11.22 14:28 B D:\Kunden\mayer\web\spacer\150_2.gif --> www.mayer-podologie.ch /spacer 150_2.gif
2002.11.22 14:28 B D:\Kunden\mayer\web\spacer\160_2.gif --> www.mayer-podologie.ch /spacer 160_2.gif
2002.11.22 14:28 B D:\Kunden\mayer\web\spacer\170_2.gif --> www.mayer-podologie.ch /spacer 170_2.gif
2002.11.22 14:28 B D:\Kunden\mayer\web\spacer\180_2.gif --> www.mayer-podologie.ch /spacer 180_2.gif
2002.11.22 14:28 B D:\Kunden\mayer\web\spacer\190_2.gif --> www.mayer-podologie.ch /spacer 190_2.gif
2002.11.22 14:28 B D:\Kunden\mayer\web\spacer\1_10.gif --> www.mayer-podologie.ch /spacer 1_10.gif
2002.11.22 14:28 B D:\Kunden\mayer\web\spacer\1_100.gif --> www.mayer-podologie.ch /spacer 1_100.gif
2002.11.22 14:28 B D:\Kunden\mayer\web\spacer\1_40.gif --> www.mayer-podologie.ch /spacer 1_40.gif
2002.11.22 14:28 B D:\Kunden\mayer\web\spacer\20_2.gif --> www.mayer-podologie.ch /spacer 20_2.gif
2002.11.22 14:28 B D:\Kunden\mayer\web\spacer\2_200.gif --> www.mayer-podologie.ch /spacer 2_200.gif
2002.11.22 14:28 B D:\Kunden\mayer\web\spacer\2_220.gif --> www.mayer-podologie.ch /spacer 2_220.gif
2002.11.22 14:28 B D:\Kunden\mayer\web\spacer\2_360.gif --> www.mayer-podologie.ch /spacer 2_360.gif
2002.11.22 14:28 B D:\Kunden\mayer\web\spacer\30_2.gif --> www.mayer-podologie.ch /spacer 30_2.gif
2002.11.22 14:28 B D:\Kunden\mayer\web\spacer\40_1.gif --> www.mayer-podologie.ch /spacer 40_1.gif
2002.11.22 14:28 B D:\Kunden\mayer\web\spacer\50_1.gif --> www.mayer-podologie.ch /spacer 50_1.gif
2002.11.22 14:28 B D:\Kunden\mayer\web\spacer\blau.gif --> www.mayer-podologie.ch /spacer blau.gif
2002.11.22 14:28 B D:\Kunden\mayer\web\spacer\blau_1.gif --> www.mayer-podologie.ch /spacer blau_1.gif
2002.11.22 14:28 B D:\Kunden\mayer\web\spacer\blau_2.gif --> www.mayer-podologie.ch /spacer blau_2.gif
2002.11.22 14:28 B D:\Kunden\mayer\web\spacer\rot.gif --> www.mayer-podologie.ch /spacer rot.gif
2002.11.22 14:28 B D:\Kunden\mayer\web\spacer\rot_2.gif.gif --> www.mayer-podologie.ch /spacer rot_2.gif.gif
2002.11.22 14:29 B D:\Kunden\mayer\web\spacer\up.gif --> www.mayer-podologie.ch /spacer up.gif
2002.11.22 14:29 B D:\Kunden\mayer\web\spacer\WS_FTP.LOG --> www.mayer-podologie.ch /spacer WS_FTP.LOG
2002.12.08 19:06 B D:\Kunden\tschan\web\spacer\10_2.gif --> saga.interway.ch /bt-consulting/spacer 10_2.gif
2002.12.08 19:06 B D:\Kunden\tschan\web\spacer\120_1.gif --> saga.interway.ch /bt-consulting/spacer 120_1.gif
2002.12.08 19:06 B D:\Kunden\tschan\web\spacer\140_2.gif --> saga.interway.ch /bt-consulting/spacer 140_2.gif
2002.12.08 19:06 B D:\Kunden\tschan\web\spacer\150_2.gif --> saga.interway.ch /bt-consulting/spacer 150_2.gif
2002.12.08 19:06 B D:\Kunden\tschan\web\spacer\160_2.gif --> saga.interway.ch /bt-consulting/spacer 160_2.gif
2002.12.08 19:06 B D:\Kunden\tschan\web\spacer\170_2.gif --> saga.interway.ch /bt-consulting/spacer 170_2.gif
2002.12.08 19:06 B D:\Kunden\tschan\web\spacer\180_2.gif --> saga.interway.ch /bt-consulting/spacer 180_2.gif
2002.12.08 19:06 B D:\Kunden\tschan\web\spacer\190_2.gif --> saga.interway.ch /bt-consulting/spacer 190_2.gif
2002.12.08 19:06 B D:\Kunden\tschan\web\spacer\1_10.gif --> saga.interway.ch /bt-consulting/spacer 1_10.gif
2002.12.08 19:06 B D:\Kunden\tschan\web\spacer\1_100.gif --> saga.interway.ch /bt-consulting/spacer 1_100.gif
2002.12.08 19:06 B D:\Kunden\tschan\web\spacer\1_40.gif --> saga.interway.ch /bt-consulting/spacer 1_40.gif
2002.12.08 19:06 B D:\Kunden\tschan\web\spacer\20_2.gif --> saga.interway.ch /bt-consulting/spacer 20_2.gif
2002.12.08 19:06 B D:\Kunden\tschan\web\spacer\2_200.gif --> saga.interway.ch /bt-consulting/spacer 2_200.gif
2002.12.08 19:06 B D:\Kunden\tschan\web\spacer\2_220.gif --> saga.interway.ch /bt-consulting/spacer 2_220.gif
2002.12.08 19:06 B D:\Kunden\tschan\web\spacer\2_360.gif --> saga.interway.ch /bt-consulting/spacer 2_360.gif
2002.12.08 19:06 B D:\Kunden\tschan\web\spacer\30_2.gif --> saga.interway.ch /bt-consulting/spacer 30_2.gif
2002.12.08 19:06 B D:\Kunden\tschan\web\spacer\40_1.gif --> saga.interway.ch /bt-consulting/spacer 40_1.gif
2002.12.08 19:06 B D:\Kunden\tschan\web\spacer\50_1.gif --> saga.interway.ch /bt-consulting/spacer 50_1.gif
2002.12.08 19:06 B D:\Kunden\tschan\web\spacer\blau.gif --> saga.interway.ch /bt-consulting/spacer blau.gif
2002.12.08 19:06 B D:\Kunden\tschan\web\spacer\up.gif --> saga.interway.ch /bt-consulting/spacer up.gif
2002.12.08 19:07 B D:\Kunden\tschan\web\spacer\WS_FTP.LOG --> saga.interway.ch /bt-consulting/spacer WS_FTP.LOG
2003.01.13 23:22 B D:\Kunden\siegrist\web\spacer\up.gif --> www.lichtengel.ch /spacer up.gif
2003.08.05 20:50 B M:\Kunden\die_halle\web\spacer\10_2.gif --> www.kaio.ch /web/spacer 10_2.gif
2003.08.05 20:50 B M:\Kunden\die_halle\web\spacer\120_1.gif --> www.kaio.ch /web/spacer 120_1.gif
2003.08.05 20:50 B M:\Kunden\die_halle\web\spacer\140_2.gif --> www.kaio.ch /web/spacer 140_2.gif
2003.08.05 20:50 B M:\Kunden\die_halle\web\spacer\150_2.gif --> www.kaio.ch /web/spacer 150_2.gif
2003.08.05 20:50 B M:\Kunden\die_halle\web\spacer\160_2.gif --> www.kaio.ch /web/spacer 160_2.gif
2003.08.05 20:50 B M:\Kunden\die_halle\web\spacer\170_2.gif --> www.kaio.ch /web/spacer 170_2.gif
2003.08.05 20:50 B M:\Kunden\die_halle\web\spacer\180_2.gif --> www.kaio.ch /web/spacer 180_2.gif
2003.08.05 20:50 B M:\Kunden\die_halle\web\spacer\190_2.gif --> www.kaio.ch /web/spacer 190_2.gif
2003.08.05 20:50 B M:\Kunden\die_halle\web\spacer\1_10.gif --> www.kaio.ch /web/spacer 1_10.gif
2003.08.05 20:50 B M:\Kunden\die_halle\web\spacer\1_100.gif --> www.kaio.ch /web/spacer 1_100.gif
2003.08.05 20:50 B M:\Kunden\die_halle\web\spacer\1_40.gif --> www.kaio.ch /web/spacer 1_40.gif
2003.08.05 20:50 B M:\Kunden\die_halle\web\spacer\20_2.gif --> www.kaio.ch /web/spacer 20_2.gif
2003.08.05 20:50 B M:\Kunden\die_halle\web\spacer\2_200.gif --> www.kaio.ch /web/spacer 2_200.gif
2003.08.05 20:50 B M:\Kunden\die_halle\web\spacer\2_220.gif --> www.kaio.ch /web/spacer 2_220.gif
2003.08.05 20:50 B M:\Kunden\die_halle\web\spacer\2_360.gif --> www.kaio.ch /web/spacer 2_360.gif
2003.08.05 20:50 B M:\Kunden\die_halle\web\spacer\30_2.gif --> www.kaio.ch /web/spacer 30_2.gif
2003.08.05 20:50 B M:\Kunden\die_halle\web\spacer\40_1.gif --> www.kaio.ch /web/spacer 40_1.gif
2003.08.05 20:50 B M:\Kunden\die_halle\web\spacer\50_1.gif --> www.kaio.ch /web/spacer 50_1.gif
2003.08.05 20:50 B M:\Kunden\die_halle\web\spacer\blau.gif --> www.kaio.ch /web/spacer blau.gif
2003.08.05 20:50 B M:\Kunden\die_halle\web\spacer\up.gif --> www.kaio.ch /web/spacer up.gif
2003.08.05 20:50 B M:\Kunden\die_halle\web\spacer\WS_FTP.LOG --> www.kaio.ch /web/spacer WS_FTP.LOG
2003.08.06 08:23 B M:\Kunden\die_halle\web\spacer\WS_FTP.LOG --> www.kaio.ch /web/spacer WS_FTP.LOG
